{
  "stats": {
    "suites": 3,
    "tests": 14,
    "passes": 14,
    "pending": 0,
    "failures": 0,
    "testsRegistered": 14,
    "passPercent": 100,
    "pendingPercent": 0,
    "other": 0,
    "hasOther": false,
    "skipped": 0,
    "hasSkipped": false,
    "start": "2024-05-23T21:18:07.302Z",
    "end": "2024-05-23T21:18:52.978Z",
    "duration": 45676
  },
  "results": [
    {
      "uuid": "9ea67046-247b-4620-a15f-236a9979a25c",
      "title": "",
      "fullFile": "cypress/e2e/API/user-api-tests.cy.ts",
      "file": "cypress/e2e/API/user-api-tests.cy.ts",
      "beforeHooks": [],
      "afterHooks": [],
      "tests": [],
      "suites": [
        {
          "uuid": "1996b5ed-43ed-46c7-a44b-697a6bea7996",
          "title": "User API tests",
          "fullFile": "",
          "file": "",
          "beforeHooks": [],
          "afterHooks": [],
          "tests": [
            {
              "title": "Should create a user and check",
              "fullTitle": "User API tests Should create a user and check",
              "timedOut": null,
              "duration": 310,
              "state": "passed",
              "speed": "fast",
              "pass": true,
              "fail": false,
              "pending": false,
              "context": null,
              "code": "const phone_number = _faker_js_faker__WEBPACK_IMPORTED_MODULE_0__.faker.string.numeric(11);\n//creates a user\ncy.api({\n    method: 'POST',\n    url: `${Cypress.env(\"baseApiUrl\")}/user`,\n    body: {\n        id: user_id,\n        username: user_name,\n        firstName: first_name,\n        lastName: last_name,\n        email: email,\n        password: password,\n        phone: phone_number,\n        userStatus: 0\n    }\n}).then((response) => {\n    expect(response.status).to.equal(200);\n    expect(response.body.message).to.equal(String(user_id)); // Verify the message contains the user ID\n}).then(() => {\n    //checks user details\n    cy.api({\n        method: 'GET',\n        url: `${Cypress.env(\"baseApiUrl\")}/user/${user_name}`\n    }).then((response) => {\n        expect(response.body.username).to.eq(user_name);\n        expect(response.body.id).to.eq(user_id);\n        expect(response.body.email).to.eq(email);\n    });\n});",
              "err": {},
              "uuid": "1d3d7c11-d864-4d26-83c1-1f46474b68dd",
              "parentUUID": "1996b5ed-43ed-46c7-a44b-697a6bea7996",
              "isHook": false,
              "skipped": false
            },
            {
              "title": "Should update user and check",
              "fullTitle": "User API tests Should update user and check",
              "timedOut": null,
              "duration": 142,
              "state": "passed",
              "speed": "fast",
              "pass": true,
              "fail": false,
              "pending": false,
              "context": null,
              "code": "const phone_number = _faker_js_faker__WEBPACK_IMPORTED_MODULE_0__.faker.string.numeric(11);\n//updates user phone_number\ncy.api({\n    method: 'PUT',\n    url: `${Cypress.env(\"baseApiUrl\")}/user/${user_name}`,\n    body: {\n        id: user_id,\n        username: user_name,\n        firstName: first_name,\n        lastName: last_name,\n        email: email,\n        password: password,\n        phone: phone_number,\n        userStatus: 0\n    }\n}).then((response) => {\n    expect(response.status).to.equal(200);\n    expect(response.body.message).to.equal(String(user_id)); // Verify the message contains the user ID\n});",
              "err": {},
              "uuid": "00f94152-c11f-4ab6-8c41-0cb6e5f952c1",
              "parentUUID": "1996b5ed-43ed-46c7-a44b-697a6bea7996",
              "isHook": false,
              "skipped": false
            },
            {
              "title": "Should delete the user",
              "fullTitle": "User API tests Should delete the user",
              "timedOut": null,
              "duration": 185,
              "state": "passed",
              "speed": "fast",
              "pass": true,
              "fail": false,
              "pending": false,
              "context": null,
              "code": "cy.api({\n    method: 'DELETE',\n    url: `${Cypress.env(\"baseApiUrl\")}/user/${user_name}`\n}).then((response) => {\n    expect(response.status).to.eq(200);\n    expect(response.body.message).to.eq(user_name);\n});",
              "err": {},
              "uuid": "8d9f43a6-cf3a-4a94-8cf3-0740d9dc18f3",
              "parentUUID": "1996b5ed-43ed-46c7-a44b-697a6bea7996",
              "isHook": false,
              "skipped": false
            }
          ],
          "suites": [],
          "passes": [
            "1d3d7c11-d864-4d26-83c1-1f46474b68dd",
            "00f94152-c11f-4ab6-8c41-0cb6e5f952c1",
            "8d9f43a6-cf3a-4a94-8cf3-0740d9dc18f3"
          ],
          "failures": [],
          "pending": [],
          "skipped": [],
          "duration": 637,
          "root": false,
          "rootEmpty": false,
          "_timeout": 2000
        }
      ],
      "passes": [],
      "failures": [],
      "pending": [],
      "skipped": [],
      "duration": 0,
      "root": true,
      "rootEmpty": true,
      "_timeout": 2000
    },
    {
      "uuid": "ba63a14d-a056-43f8-9cdd-0a883820ebeb",
      "title": "",
      "fullFile": "cypress/e2e/UI/ui-tests.cy.ts",
      "file": "cypress/e2e/UI/ui-tests.cy.ts",
      "beforeHooks": [],
      "afterHooks": [],
      "tests": [],
      "suites": [
        {
          "uuid": "0f2f6a94-2670-4fe8-90cc-dff470aa68b7",
          "title": "UI tests",
          "fullFile": "",
          "file": "",
          "beforeHooks": [],
          "afterHooks": [],
          "tests": [
            {
              "title": "Should click each item and match with the redirected page title",
              "fullTitle": "UI tests Should click each item and match with the redirected page title",
              "timedOut": null,
              "duration": 20751,
              "state": "passed",
              "speed": "slow",
              "pass": true,
              "fail": false,
              "pending": false,
              "context": null,
              "code": "cy.get('h3').each(($el, index) => {\n    cy.clickAndCheckPageTitle(index);\n});\ncy.log('All h3 elements have been clicked.');",
              "err": {},
              "uuid": "d4d531ec-edb1-4573-bcdb-e0f45e95c0a8",
              "parentUUID": "0f2f6a94-2670-4fe8-90cc-dff470aa68b7",
              "isHook": false,
              "skipped": false
            },
            {
              "title": "Should login with valid credentials and logs out",
              "fullTitle": "UI tests Should login with valid credentials and logs out",
              "timedOut": null,
              "duration": 1156,
              "state": "passed",
              "speed": "fast",
              "pass": true,
              "fail": false,
              "pending": false,
              "context": null,
              "code": "cy.login(name, 'pwd');\ncy.get('#loginstatus').should('be.visible').and('contain', `Welcome, ${name}!`);\ncy.get('#login').click(); //logout\ncy.get('#loginstatus').should('be.visible').and('contain', 'User logged out.');",
              "err": {},
              "uuid": "9cd9e95f-7bdc-43b4-8f94-0243204f05a1",
              "parentUUID": "0f2f6a94-2670-4fe8-90cc-dff470aa68b7",
              "isHook": false,
              "skipped": false
            },
            {
              "title": "Should not login with invalid password",
              "fullTitle": "UI tests Should not login with invalid password",
              "timedOut": null,
              "duration": 1082,
              "state": "passed",
              "speed": "fast",
              "pass": true,
              "fail": false,
              "pending": false,
              "context": null,
              "code": "cy.login(name, '234');\ncy.get('#loginstatus').should('be.visible').and('contain', 'Invalid username/password');",
              "err": {},
              "uuid": "562c929b-8d18-482e-a5e9-0d16585640a7",
              "parentUUID": "0f2f6a94-2670-4fe8-90cc-dff470aa68b7",
              "isHook": false,
              "skipped": false
            },
            {
              "title": "Should wait load time ",
              "fullTitle": "UI tests Should wait load time ",
              "timedOut": null,
              "duration": 5673,
              "state": "passed",
              "speed": "medium",
              "pass": true,
              "fail": false,
              "pending": false,
              "context": null,
              "code": "cy.intercept(`${Cypress.env('baseUiUrl')}/loaddelay`).as('loader');\ncy.goTo('Load Delay');\ncy.wait('@loader');\ncy.contains('.btn-primary', 'Button Appearing After Delay').should('be.visible');",
              "err": {},
              "uuid": "0b9a4d2a-eaa9-4071-8740-8106201ad948",
              "parentUUID": "0f2f6a94-2670-4fe8-90cc-dff470aa68b7",
              "isHook": false,
              "skipped": false
            },
            {
              "title": "Should scroll to the button",
              "fullTitle": "UI tests Should scroll to the button",
              "timedOut": null,
              "duration": 619,
              "state": "passed",
              "speed": "fast",
              "pass": true,
              "fail": false,
              "pending": false,
              "context": null,
              "code": "cy.visit(`${Cypress.env('baseUiUrl')}/scrollbars`);\ncy.get('#hidingButton').scrollIntoView().should('be.visible');",
              "err": {},
              "uuid": "20588778-5a5c-42a4-9a56-360c5e805150",
              "parentUUID": "0f2f6a94-2670-4fe8-90cc-dff470aa68b7",
              "isHook": false,
              "skipped": false
            }
          ],
          "suites": [],
          "passes": [
            "d4d531ec-edb1-4573-bcdb-e0f45e95c0a8",
            "9cd9e95f-7bdc-43b4-8f94-0243204f05a1",
            "562c929b-8d18-482e-a5e9-0d16585640a7",
            "0b9a4d2a-eaa9-4071-8740-8106201ad948",
            "20588778-5a5c-42a4-9a56-360c5e805150"
          ],
          "failures": [],
          "pending": [],
          "skipped": [],
          "duration": 29281,
          "root": false,
          "rootEmpty": false,
          "_timeout": 2000
        }
      ],
      "passes": [],
      "failures": [],
      "pending": [],
      "skipped": [],
      "duration": 0,
      "root": true,
      "rootEmpty": true,
      "_timeout": 2000
    },
    {
      "uuid": "864a8a26-a4e9-4100-a118-8580299c7bce",
      "title": "",
      "fullFile": "cypress/e2e/API/pet-api-tests.cy.ts",
      "file": "cypress/e2e/API/pet-api-tests.cy.ts",
      "beforeHooks": [],
      "afterHooks": [],
      "tests": [],
      "suites": [
        {
          "uuid": "6f951752-ede9-4fd3-8cb1-8522ab57334b",
          "title": "Pet&Order API tests",
          "fullFile": "",
          "file": "",
          "beforeHooks": [],
          "afterHooks": [],
          "tests": [
            {
              "title": "Should create a pet and check",
              "fullTitle": "Pet&Order API tests Should create a pet and check",
              "timedOut": null,
              "duration": 830,
              "state": "passed",
              "speed": "fast",
              "pass": true,
              "fail": false,
              "pending": false,
              "context": null,
              "code": "//creates a pet\ncy.api({\n    method: \"POST\",\n    url: `${Cypress.env(\"baseApiUrl\")}/pet`,\n    body: {\n        id: pet_id,\n        category: {\n            id: category_id,\n            name: category_name\n        },\n        name: pet_name,\n        photoUrls: [\n            random_text\n        ],\n        tags: [\n            {\n                id: random_no,\n                name: random_text\n            }\n        ],\n        status: status.Available\n    }\n}).then((response) => {\n    expect(response.status).to.eq(200);\n    expect(response.body.id).to.eq(pet_id);\n    //checks the pet detail\n    cy.api({\n        method: \"GET\",\n        url: `${Cypress.env(\"baseApiUrl\")}/pet/${pet_id}`\n    }).then((response) => {\n        expect(response.status).to.eq(200);\n        expect(response.body.category.id).to.eq(category_id);\n        expect(response.body.name).to.eq(pet_name);\n        expect(response.body.tags[0].id).to.eq(random_no);\n        expect(response.body.status).to.eq(status.Available);\n    });\n});",
              "err": {},
              "uuid": "d6d40130-dbbc-4948-be31-e878c41fdf9b",
              "parentUUID": "6f951752-ede9-4fd3-8cb1-8522ab57334b",
              "isHook": false,
              "skipped": false
            },
            {
              "title": "Should update the pet and check",
              "fullTitle": "Pet&Order API tests Should update the pet and check",
              "timedOut": null,
              "duration": 145,
              "state": "passed",
              "speed": "fast",
              "pass": true,
              "fail": false,
              "pending": false,
              "context": null,
              "code": "// updates the pet status\ncy.api({\n    method: 'PUT',\n    url: `${Cypress.env(\"baseApiUrl\")}/pet`,\n    body: {\n        id: pet_id,\n        category: {\n            id: category_id,\n            name: category_name\n        },\n        name: pet_name,\n        photoUrls: [\n            random_text\n        ],\n        tags: [\n            {\n                id: random_no,\n                name: random_text\n            }\n        ],\n        status: status.Pending\n    }\n}).then((response) => {\n    const new_pet_id = response.body.id;\n    Cypress.env('newPetID', new_pet_id);\n    expect(response.status).to.equal(200);\n    expect(response.body.status).to.eq(status.Pending);\n    expect(response.body.id).to.eq(pet_id);\n    expect(response.body.name).to.eq(pet_name);\n});",
              "err": {},
              "uuid": "9cb683af-3e26-4413-b4fe-32a1874a8531",
              "parentUUID": "6f951752-ede9-4fd3-8cb1-8522ab57334b",
              "isHook": false,
              "skipped": false
            },
            {
              "title": "Should not update the pet info with invalid petID",
              "fullTitle": "Pet&Order API tests Should not update the pet info with invalid petID",
              "timedOut": null,
              "duration": 151,
              "state": "passed",
              "speed": "fast",
              "pass": true,
              "fail": false,
              "pending": false,
              "context": null,
              "code": "//updates the pet_id\ncy.api({\n    method: 'PUT',\n    url: `${Cypress.env(\"baseApiUrl\")}/pet`,\n    failOnStatusCode: false,\n    body: {\n        id: random_text,\n        category: {\n            id: category_id,\n            name: category_name\n        },\n        name: pet_name,\n        photoUrls: [\n            random_text\n        ],\n        tags: [\n            {\n                id: random_no,\n                name: random_text\n            }\n        ],\n        status: status.Pending\n    }\n}).then((response) => {\n    expect(response.status).to.equal(500);\n    expect(response.body.message).to.eq(\"something bad happened\");\n});",
              "err": {},
              "uuid": "b59567c8-f448-459c-920a-a142671dfc6d",
              "parentUUID": "6f951752-ede9-4fd3-8cb1-8522ab57334b",
              "isHook": false,
              "skipped": false
            },
            {
              "title": "Should not return pet info with invalid ID",
              "fullTitle": "Pet&Order API tests Should not return pet info with invalid ID",
              "timedOut": null,
              "duration": 145,
              "state": "passed",
              "speed": "fast",
              "pass": true,
              "fail": false,
              "pending": false,
              "context": null,
              "code": "cy.api({\n    method: \"GET\",\n    url: `${Cypress.env(\"baseApiUrl\")}/pet/${random_no}`,\n    failOnStatusCode: false\n}).then((response) => {\n    expect(response.status).to.equal(404);\n    expect(response.body.message).to.eq(\"Pet not found\");\n});",
              "err": {},
              "uuid": "b86eb230-92cd-4596-91ef-e4e95f82bcbf",
              "parentUUID": "6f951752-ede9-4fd3-8cb1-8522ab57334b",
              "isHook": false,
              "skipped": false
            },
            {
              "title": "Should purchase the pet and check",
              "fullTitle": "Pet&Order API tests Should purchase the pet and check",
              "timedOut": null,
              "duration": 264,
              "state": "passed",
              "speed": "fast",
              "pass": true,
              "fail": false,
              "pending": false,
              "context": null,
              "code": "//orders a pet for purchasing\ncy.api({\n    method: \"POST\",\n    url: `${Cypress.env(\"baseApiUrl\")}/store/order`,\n    body: {\n        id: random_no,\n        petId: Cypress.env('newPetID'),\n        quantity: 1,\n        shipDate: \"2024-05-23\",\n        status: status.Placed,\n        complete: true\n    }\n}).then((response) => {\n    expect(response.status).to.eq(200);\n    expect(response.body.id).to.eq(random_no);\n    expect(response.body.petId).to.eq(pet_id);\n    const order_id = response.body.id;\n    // checks the ordered pet data\n    cy.api({\n        method: \"GET\",\n        url: `${Cypress.env(\"baseApiUrl\")}/store/order/${order_id}`\n    }).then((response) => {\n        expect(response.status).to.eq(200);\n        expect(response.body.status).to.eq(status.Placed);\n        expect(response.body.complete).to.eq(true);\n        expect(response.body.petId).to.eq(pet_id);\n    });\n});",
              "err": {},
              "uuid": "094eddab-db11-40e9-8de5-e98c8cb42a38",
              "parentUUID": "6f951752-ede9-4fd3-8cb1-8522ab57334b",
              "isHook": false,
              "skipped": false
            },
            {
              "title": "Should delete the pet",
              "fullTitle": "Pet&Order API tests Should delete the pet",
              "timedOut": null,
              "duration": 143,
              "state": "passed",
              "speed": "fast",
              "pass": true,
              "fail": false,
              "pending": false,
              "context": null,
              "code": "cy.api({\n    method: 'DELETE',\n    url: `${Cypress.env(\"baseApiUrl\")}/pet/${pet_id}`\n}).then((response) => {\n    expect(response.status).to.eq(200);\n    expect(response.body.message).to.eq(String(pet_id));\n});",
              "err": {},
              "uuid": "9c14bb0b-640d-4a00-94de-8b5d70b79c18",
              "parentUUID": "6f951752-ede9-4fd3-8cb1-8522ab57334b",
              "isHook": false,
              "skipped": false
            }
          ],
          "suites": [],
          "passes": [
            "d6d40130-dbbc-4948-be31-e878c41fdf9b",
            "9cb683af-3e26-4413-b4fe-32a1874a8531",
            "b59567c8-f448-459c-920a-a142671dfc6d",
            "b86eb230-92cd-4596-91ef-e4e95f82bcbf",
            "094eddab-db11-40e9-8de5-e98c8cb42a38",
            "9c14bb0b-640d-4a00-94de-8b5d70b79c18"
          ],
          "failures": [],
          "pending": [],
          "skipped": [],
          "duration": 1678,
          "root": false,
          "rootEmpty": false,
          "_timeout": 2000
        }
      ],
      "passes": [],
      "failures": [],
      "pending": [],
      "skipped": [],
      "duration": 0,
      "root": true,
      "rootEmpty": true,
      "_timeout": 2000
    }
  ],
  "meta": {
    "mocha": {
      "version": "7.0.1"
    },
    "mochawesome": {
      "options": {
        "quiet": false,
        "reportFilename": "mochawesome",
        "saveHtml": false,
        "saveJson": true,
        "consoleReporter": "spec",
        "useInlineDiffs": false,
        "code": true
      },
      "version": "7.1.3"
    },
    "marge": {
      "options": {
        "id": "default",
        "reportDir": "cypress/results/mochawesome",
        "overwrite": false,
        "html": false,
        "json": true
      },
      "version": "6.2.0"
    }
  }
}