{
  "stats": {
    "suites": 3,
    "tests": 14,
    "passes": 13,
    "pending": 1,
    "failures": 0,
    "testsRegistered": 14,
    "passPercent": 92.85714285714286,
    "pendingPercent": 7.142857142857143,
    "other": 0,
    "hasOther": false,
    "skipped": 0,
    "hasSkipped": false,
    "start": "2024-05-23T15:08:40.159Z",
    "end": "2024-05-23T15:09:05.235Z",
    "duration": 25076
  },
  "results": [
    {
      "uuid": "69a2dd96-28ae-49be-b245-4c81f4595c33",
      "title": "",
      "fullFile": "cypress/e2e/API/pet-api-tests.cy.ts",
      "file": "cypress/e2e/API/pet-api-tests.cy.ts",
      "beforeHooks": [],
      "afterHooks": [],
      "tests": [],
      "suites": [
        {
          "uuid": "4dbc27bb-efb0-496f-a00e-b007b52915b0",
          "title": "Pet API tests",
          "fullFile": "",
          "file": "",
          "beforeHooks": [],
          "afterHooks": [],
          "tests": [
            {
              "title": "Should create a pet and check",
              "fullTitle": "Pet API tests Should create a pet and check",
              "timedOut": null,
              "duration": 871,
              "state": "passed",
              "speed": "fast",
              "pass": true,
              "fail": false,
              "pending": false,
              "context": "\"videos/pet-api-tests.cy.ts.mp4\"",
              "code": "//creates a pet\ncy.api({\n    method: \"POST\",\n    url: `${Cypress.env(\"baseApiUrl\")}/pet`,\n    body: {\n        id: pet_id,\n        category: {\n            id: category_id,\n            name: category_name\n        },\n        name: pet_name,\n        photoUrls: [\n            random_text\n        ],\n        tags: [\n            {\n                id: random_no,\n                name: random_text\n            }\n        ],\n        status: status.Available\n    }\n}).then((response) => {\n    expect(response.status).to.eq(200);\n    expect(response.body.id).to.eq(pet_id);\n    //checks the pet\n    cy.api({ method: \"GET\",\n        url: `${Cypress.env(\"baseApiUrl\")}/pet/${pet_id}` }).then((response) => {\n        expect(response.status).to.eq(200);\n        expect(response.body.category.id).to.eq(category_id);\n        expect(response.body.name).to.eq(pet_name);\n        expect(response.body.tags[0].id).to.eq(random_no);\n        expect(response.body.status).to.eq(status.Available);\n    });\n});",
              "err": {},
              "uuid": "1f447c6d-fa06-4fb0-a613-83f529016539",
              "parentUUID": "4dbc27bb-efb0-496f-a00e-b007b52915b0",
              "isHook": false,
              "skipped": false
            },
            {
              "title": "Should update the pet and check",
              "fullTitle": "Pet API tests Should update the pet and check",
              "timedOut": null,
              "duration": 154,
              "state": "passed",
              "speed": "fast",
              "pass": true,
              "fail": false,
              "pending": false,
              "context": "\"videos/pet-api-tests.cy.ts.mp4\"",
              "code": "// updates the pet\ncy.api({\n    method: 'PUT',\n    url: `${Cypress.env(\"baseApiUrl\")}/pet`,\n    body: {\n        id: pet_id,\n        category: {\n            id: category_id,\n            name: category_name\n        },\n        name: pet_name,\n        photoUrls: [\n            random_text\n        ],\n        tags: [\n            {\n                id: random_no,\n                name: random_text\n            }\n        ],\n        status: status.Pending\n    }\n}).then((response) => {\n    const new_pet_id = response.body.id;\n    Cypress.env('newPetID', new_pet_id);\n    expect(response.status).to.equal(200);\n    expect(response.body.status).to.eq(status.Pending);\n    expect(response.body.id).to.eq(pet_id);\n    expect(response.body.name).to.eq(pet_name);\n});",
              "err": {},
              "uuid": "550174a0-2125-4d38-93b3-b78d6a5a9dc2",
              "parentUUID": "4dbc27bb-efb0-496f-a00e-b007b52915b0",
              "isHook": false,
              "skipped": false
            },
            {
              "title": "Should not update the pet info with invalid petID",
              "fullTitle": "Pet API tests Should not update the pet info with invalid petID",
              "timedOut": null,
              "duration": 144,
              "state": "passed",
              "speed": "fast",
              "pass": true,
              "fail": false,
              "pending": false,
              "context": "\"videos/pet-api-tests.cy.ts.mp4\"",
              "code": "cy.api({\n    method: 'PUT',\n    url: `${Cypress.env(\"baseApiUrl\")}/pet`,\n    failOnStatusCode: false,\n    body: {\n        id: random_text,\n        category: {\n            id: category_id,\n            name: category_name\n        },\n        name: pet_name,\n        photoUrls: [\n            random_text\n        ],\n        tags: [\n            {\n                id: random_no,\n                name: random_text\n            }\n        ],\n        status: status.Pending\n    }\n}).then((response) => {\n    expect(response.status).to.equal(500);\n    expect(response.body.message).to.eq(\"something bad happened\");\n});",
              "err": {},
              "uuid": "2ff33da9-1d09-4abd-8e16-5d9ca52b43ac",
              "parentUUID": "4dbc27bb-efb0-496f-a00e-b007b52915b0",
              "isHook": false,
              "skipped": false
            },
            {
              "title": "Should not return pet info with invalid ID",
              "fullTitle": "Pet API tests Should not return pet info with invalid ID",
              "timedOut": null,
              "duration": 149,
              "state": "passed",
              "speed": "fast",
              "pass": true,
              "fail": false,
              "pending": false,
              "context": "\"videos/pet-api-tests.cy.ts.mp4\"",
              "code": "cy.api({ method: \"GET\",\n    url: `${Cypress.env(\"baseApiUrl\")}/pet/${random_no}`,\n    failOnStatusCode: false }).then((response) => {\n    expect(response.status).to.equal(404);\n    expect(response.body.message).to.eq(\"Pet not found\");\n});",
              "err": {},
              "uuid": "1e4e95a0-2a28-40c3-b829-958800e33cc6",
              "parentUUID": "4dbc27bb-efb0-496f-a00e-b007b52915b0",
              "isHook": false,
              "skipped": false
            },
            {
              "title": "Should purchase the pet and check",
              "fullTitle": "Pet API tests Should purchase the pet and check",
              "timedOut": null,
              "duration": 279,
              "state": "passed",
              "speed": "fast",
              "pass": true,
              "fail": false,
              "pending": false,
              "context": "\"videos/pet-api-tests.cy.ts.mp4\"",
              "code": "//orders the pet\ncy.api({\n    method: \"POST\",\n    url: `${Cypress.env(\"baseApiUrl\")}/store/order`,\n    body: {\n        id: random_no,\n        petId: Cypress.env('newPetID'),\n        quantity: 1,\n        shipDate: \"2024-05-23T11:27:13.175Z\",\n        status: status.Placed,\n        complete: true\n    }\n}).then((response) => {\n    expect(response.status).to.eq(200);\n    expect(response.body.id).to.eq(random_no);\n    expect(response.body.petId).to.eq(pet_id);\n    const order_id = response.body.id;\n    Cypress.env('orderID', order_id);\n    // checks the pet\n    cy.api({\n        method: \"GET\",\n        url: `${Cypress.env(\"baseApiUrl\")}/store/order/${order_id}`\n    }).then((response) => {\n        expect(response.status).to.eq(200);\n        expect(response.body.status).to.eq(status.Placed);\n        expect(response.body.complete).to.eq(true);\n        expect(response.body.petId).to.eq(pet_id);\n    });\n});",
              "err": {},
              "uuid": "ea6a8155-7ba5-4720-9c0c-df8cd0683dc3",
              "parentUUID": "4dbc27bb-efb0-496f-a00e-b007b52915b0",
              "isHook": false,
              "skipped": false
            },
            {
              "title": "Should delete the pet",
              "fullTitle": "Pet API tests Should delete the pet",
              "timedOut": null,
              "duration": 157,
              "state": "passed",
              "speed": "fast",
              "pass": true,
              "fail": false,
              "pending": false,
              "context": "\"videos/pet-api-tests.cy.ts.mp4\"",
              "code": "cy.api({\n    method: 'DELETE',\n    url: `${Cypress.env(\"baseApiUrl\")}/pet/${pet_id}`\n}).then((response) => {\n    expect(response.status).to.eq(200);\n    expect(response.body.message).to.eq(String(pet_id));\n});",
              "err": {},
              "uuid": "ccdd20a4-a0e3-4726-8bc7-121338e86029",
              "parentUUID": "4dbc27bb-efb0-496f-a00e-b007b52915b0",
              "isHook": false,
              "skipped": false
            }
          ],
          "suites": [],
          "passes": [
            "1f447c6d-fa06-4fb0-a613-83f529016539",
            "550174a0-2125-4d38-93b3-b78d6a5a9dc2",
            "2ff33da9-1d09-4abd-8e16-5d9ca52b43ac",
            "1e4e95a0-2a28-40c3-b829-958800e33cc6",
            "ea6a8155-7ba5-4720-9c0c-df8cd0683dc3",
            "ccdd20a4-a0e3-4726-8bc7-121338e86029"
          ],
          "failures": [],
          "pending": [],
          "skipped": [],
          "duration": 1754,
          "root": false,
          "rootEmpty": false,
          "_timeout": 2000
        }
      ],
      "passes": [],
      "failures": [],
      "pending": [],
      "skipped": [],
      "duration": 0,
      "root": true,
      "rootEmpty": true,
      "_timeout": 2000
    },
    {
      "uuid": "3f77c0b8-808e-4713-8f29-25b6686e1a52",
      "title": "",
      "fullFile": "cypress/e2e/API/user-api-tests.cy.ts",
      "file": "cypress/e2e/API/user-api-tests.cy.ts",
      "beforeHooks": [],
      "afterHooks": [],
      "tests": [],
      "suites": [
        {
          "uuid": "736022bb-012b-4b14-bac6-e023eddc7a89",
          "title": "User API tests",
          "fullFile": "",
          "file": "",
          "beforeHooks": [],
          "afterHooks": [],
          "tests": [
            {
              "title": "Should create a user and check",
              "fullTitle": "User API tests Should create a user and check",
              "timedOut": null,
              "duration": 331,
              "state": "passed",
              "speed": "fast",
              "pass": true,
              "fail": false,
              "pending": false,
              "context": "\"videos/user-api-tests.cy.ts.mp4\"",
              "code": "const phone_number = _faker_js_faker__WEBPACK_IMPORTED_MODULE_0__.faker.string.numeric(11);\n//creates user\ncy.api({\n    method: 'POST',\n    url: `${Cypress.env(\"baseApiUrl\")}/user`,\n    body: {\n        id: user_id,\n        username: user_name,\n        firstName: first_name,\n        lastName: last_name,\n        email: email,\n        password: password,\n        phone: phone_number,\n        userStatus: 0\n    }\n}).then((response) => {\n    expect(response.status).to.equal(200);\n    expect(response.body.message).to.equal(String(user_id)); // Verify the message contains the user ID\n}).then(() => {\n    //checks user\n    cy.api({\n        method: 'GET',\n        url: `${Cypress.env(\"baseApiUrl\")}/user/${user_name}`\n    }).then((response) => {\n        expect(response.body.username).to.eq(user_name);\n        expect(response.body.id).to.eq(user_id);\n        expect(response.body.email).to.eq(email);\n    });\n});",
              "err": {},
              "uuid": "af152821-fd4c-479d-a380-6aec15b81a1d",
              "parentUUID": "736022bb-012b-4b14-bac6-e023eddc7a89",
              "isHook": false,
              "skipped": false
            },
            {
              "title": "Should update user and check",
              "fullTitle": "User API tests Should update user and check",
              "timedOut": null,
              "duration": 142,
              "state": "passed",
              "speed": "fast",
              "pass": true,
              "fail": false,
              "pending": false,
              "context": "\"videos/user-api-tests.cy.ts.mp4\"",
              "code": "const phone_number = _faker_js_faker__WEBPACK_IMPORTED_MODULE_0__.faker.string.numeric(11);\n//updates user\ncy.api({\n    method: 'PUT',\n    url: `${Cypress.env(\"baseApiUrl\")}/user/${user_name}`,\n    body: {\n        id: user_id,\n        username: user_name,\n        firstName: first_name,\n        lastName: last_name,\n        email: email,\n        password: password,\n        phone: phone_number,\n        userStatus: 0\n    }\n}).then((response) => {\n    expect(response.status).to.equal(200);\n    expect(response.body.message).to.equal(String(user_id)); // Verify the message contains the user ID\n});",
              "err": {},
              "uuid": "5cdec7f7-09e2-4af2-90d6-10362cab4035",
              "parentUUID": "736022bb-012b-4b14-bac6-e023eddc7a89",
              "isHook": false,
              "skipped": false
            },
            {
              "title": "Should delete the user",
              "fullTitle": "User API tests Should delete the user",
              "timedOut": null,
              "duration": 144,
              "state": "passed",
              "speed": "fast",
              "pass": true,
              "fail": false,
              "pending": false,
              "context": "\"videos/user-api-tests.cy.ts.mp4\"",
              "code": "cy.api({\n    method: 'DELETE',\n    url: `${Cypress.env(\"baseApiUrl\")}/user/${user_name}`\n}).then((response) => {\n    expect(response.status).to.eq(200);\n    expect(response.body.message).to.eq(user_name);\n});",
              "err": {},
              "uuid": "d6106d2f-0a10-441c-a831-6fa42c7e4871",
              "parentUUID": "736022bb-012b-4b14-bac6-e023eddc7a89",
              "isHook": false,
              "skipped": false
            }
          ],
          "suites": [],
          "passes": [
            "af152821-fd4c-479d-a380-6aec15b81a1d",
            "5cdec7f7-09e2-4af2-90d6-10362cab4035",
            "d6106d2f-0a10-441c-a831-6fa42c7e4871"
          ],
          "failures": [],
          "pending": [],
          "skipped": [],
          "duration": 617,
          "root": false,
          "rootEmpty": false,
          "_timeout": 2000
        }
      ],
      "passes": [],
      "failures": [],
      "pending": [],
      "skipped": [],
      "duration": 0,
      "root": true,
      "rootEmpty": true,
      "_timeout": 2000
    },
    {
      "uuid": "71939343-a15d-4d2e-8587-f1f392ad355f",
      "title": "",
      "fullFile": "cypress/e2e/ui-tests.cy.ts",
      "file": "cypress/e2e/ui-tests.cy.ts",
      "beforeHooks": [],
      "afterHooks": [],
      "tests": [],
      "suites": [
        {
          "uuid": "3606d9ea-66ee-4f39-98c7-53150e5f9bea",
          "title": "UI tests",
          "fullFile": "",
          "file": "",
          "beforeHooks": [],
          "afterHooks": [],
          "tests": [
            {
              "title": "Should click each item and match with the redirected page title",
              "fullTitle": "UI tests Should click each item and match with the redirected page title",
              "timedOut": null,
              "duration": 0,
              "state": "pending",
              "speed": null,
              "pass": false,
              "fail": false,
              "pending": true,
              "context": "\"videos/ui-tests.cy.ts.mp4\"",
              "code": "cy.get('h3').each(($el, index) => {\n    cy.clickAndCheckPageTitle(index);\n});\ncy.log('All h3 elements have been clicked.');",
              "err": {},
              "uuid": "5448364a-5738-4cb9-b03e-3f639c8cf7eb",
              "parentUUID": "3606d9ea-66ee-4f39-98c7-53150e5f9bea",
              "isHook": false,
              "skipped": false
            },
            {
              "title": "Should login with valid credentials and logs out",
              "fullTitle": "UI tests Should login with valid credentials and logs out",
              "timedOut": null,
              "duration": 1835,
              "state": "passed",
              "speed": "fast",
              "pass": true,
              "fail": false,
              "pending": false,
              "context": "\"videos/ui-tests.cy.ts.mp4\"",
              "code": "cy.goTo('Sample App');\nconst name = _faker_js_faker__WEBPACK_IMPORTED_MODULE_0__.faker.word.noun(5);\ncy.get('[name=\"UserName\"]').type(name);\ncy.get('[name=\"Password\"]').type('pwd');\ncy.get('#login').click(); //login\ncy.get('#loginstatus').should('be.visible').and('contain', `Welcome, ${name}!`);\ncy.get('#login').click(); //logout\ncy.get('#loginstatus').should('be.visible').and('contain', 'User logged out.');",
              "err": {},
              "uuid": "b241455a-2a7a-405a-a020-44d948150ad2",
              "parentUUID": "3606d9ea-66ee-4f39-98c7-53150e5f9bea",
              "isHook": false,
              "skipped": false
            },
            {
              "title": "Should not login with invalid password",
              "fullTitle": "UI tests Should not login with invalid password",
              "timedOut": null,
              "duration": 1075,
              "state": "passed",
              "speed": "fast",
              "pass": true,
              "fail": false,
              "pending": false,
              "context": "\"videos/ui-tests.cy.ts.mp4\"",
              "code": "cy.goTo('Sample App');\nconst name = _faker_js_faker__WEBPACK_IMPORTED_MODULE_0__.faker.word.noun(5);\ncy.get('[name=\"UserName\"]').type(name);\ncy.get('[name=\"Password\"]').type('234');\ncy.get('#login').click(); //login\ncy.get('#loginstatus').should('be.visible').and('contain', 'Invalid username/password');",
              "err": {},
              "uuid": "cc2d471f-f798-4770-872c-9bb4d850739b",
              "parentUUID": "3606d9ea-66ee-4f39-98c7-53150e5f9bea",
              "isHook": false,
              "skipped": false
            },
            {
              "title": "Should wait load time ",
              "fullTitle": "UI tests Should wait load time ",
              "timedOut": null,
              "duration": 5696,
              "state": "passed",
              "speed": "medium",
              "pass": true,
              "fail": false,
              "pending": false,
              "context": "\"videos/ui-tests.cy.ts.mp4\"",
              "code": "cy.intercept(`${Cypress.env('baseUiUrl')}/loaddelay`).as('loader');\ncy.goTo('Load Delay');\ncy.wait('@loader');\ncy.contains('.btn-primary', 'Button Appearing After Delay').should('be.visible');",
              "err": {},
              "uuid": "e80befce-e105-424b-9d7e-e40908e9ec91",
              "parentUUID": "3606d9ea-66ee-4f39-98c7-53150e5f9bea",
              "isHook": false,
              "skipped": false
            },
            {
              "title": "Should scroll to the button",
              "fullTitle": "UI tests Should scroll to the button",
              "timedOut": null,
              "duration": 584,
              "state": "passed",
              "speed": "fast",
              "pass": true,
              "fail": false,
              "pending": false,
              "context": "\"videos/ui-tests.cy.ts.mp4\"",
              "code": "cy.visit(`${Cypress.env('baseUiUrl')}/scrollbars`);\ncy.get('#hidingButton').scrollIntoView().should('be.visible');",
              "err": {},
              "uuid": "8f71b72d-56cd-4366-9927-f7eaead5273d",
              "parentUUID": "3606d9ea-66ee-4f39-98c7-53150e5f9bea",
              "isHook": false,
              "skipped": false
            }
          ],
          "suites": [],
          "passes": [
            "b241455a-2a7a-405a-a020-44d948150ad2",
            "cc2d471f-f798-4770-872c-9bb4d850739b",
            "e80befce-e105-424b-9d7e-e40908e9ec91",
            "8f71b72d-56cd-4366-9927-f7eaead5273d"
          ],
          "failures": [],
          "pending": [
            "5448364a-5738-4cb9-b03e-3f639c8cf7eb"
          ],
          "skipped": [],
          "duration": 9190,
          "root": false,
          "rootEmpty": false,
          "_timeout": 2000
        }
      ],
      "passes": [],
      "failures": [],
      "pending": [],
      "skipped": [],
      "duration": 0,
      "root": true,
      "rootEmpty": true,
      "_timeout": 2000
    }
  ],
  "meta": {
    "mocha": {
      "version": "7.0.1"
    },
    "mochawesome": {
      "options": {
        "quiet": false,
        "reportFilename": "mochawesome",
        "saveHtml": false,
        "saveJson": true,
        "consoleReporter": "spec",
        "useInlineDiffs": false,
        "code": true
      },
      "version": "7.1.3"
    },
    "marge": {
      "options": {
        "id": "default",
        "reportDir": "cypress/results/mochawesome",
        "overwrite": false,
        "html": false,
        "json": true
      },
      "version": "6.2.0"
    }
  }
}