{
  "stats": {
    "suites": 3,
    "tests": 10,
    "passes": 10,
    "pending": 0,
    "failures": 0,
    "testsRegistered": 10,
    "passPercent": 100,
    "pendingPercent": 0,
    "other": 0,
    "hasOther": false,
    "skipped": 0,
    "hasSkipped": false,
    "start": "2024-05-23T12:48:00.927Z",
    "end": "2024-05-23T12:48:23.635Z",
    "duration": 22708
  },
  "results": [
    {
      "uuid": "71a58d5c-35a9-4926-8ba5-2723920d8705",
      "title": "",
      "fullFile": "cypress/e2e/API/pet-api-tests.cy.ts",
      "file": "cypress/e2e/API/pet-api-tests.cy.ts",
      "beforeHooks": [],
      "afterHooks": [],
      "tests": [],
      "suites": [
        {
          "uuid": "93586d06-e2db-4b28-9a20-0abb876449eb",
          "title": "Pet API tests",
          "fullFile": "",
          "file": "",
          "beforeHooks": [],
          "afterHooks": [],
          "tests": [
            {
              "title": "Should create a pet and check",
              "fullTitle": "Pet API tests Should create a pet and check",
              "timedOut": null,
              "duration": 872,
              "state": "passed",
              "speed": "fast",
              "pass": true,
              "fail": false,
              "pending": false,
              "context": null,
              "code": "//creates a pet\ncy.api({\n    method: \"POST\",\n    url: `${Cypress.env(\"baseApiUrl\")}/pet`,\n    body: {\n        id: pet_id,\n        category: {\n            id: category_id,\n            name: category_name\n        },\n        name: pet_name,\n        photoUrls: [\n            random_text\n        ],\n        tags: [\n            {\n                id: random_no,\n                name: random_text\n            }\n        ],\n        status: status.Available\n    }\n}).then((response) => {\n    expect(response.status).to.eq(200);\n    expect(response.body.id).to.eq(pet_id);\n    //checks the pet\n    cy.api({ method: \"GET\",\n        url: `${Cypress.env(\"baseApiUrl\")}/pet/${pet_id}` }).then((response) => {\n        expect(response.status).to.eq(200);\n        expect(response.body.category.id).to.eq(category_id);\n        expect(response.body.name).to.eq(pet_name);\n        expect(response.body.tags[0].id).to.eq(random_no);\n        expect(response.body.status).to.eq(status.Available);\n    });\n});",
              "err": {},
              "uuid": "14dc6184-1d67-4514-b694-4d1ef4ee5be4",
              "parentUUID": "93586d06-e2db-4b28-9a20-0abb876449eb",
              "isHook": false,
              "skipped": false
            },
            {
              "title": "Should update the pet and check",
              "fullTitle": "Pet API tests Should update the pet and check",
              "timedOut": null,
              "duration": 152,
              "state": "passed",
              "speed": "fast",
              "pass": true,
              "fail": false,
              "pending": false,
              "context": null,
              "code": "// updates the pet\ncy.api({\n    method: 'PUT',\n    url: `${Cypress.env(\"baseApiUrl\")}/pet`,\n    body: {\n        id: pet_id,\n        category: {\n            id: category_id,\n            name: category_name\n        },\n        name: pet_name,\n        photoUrls: [\n            random_text\n        ],\n        tags: [\n            {\n                id: random_no,\n                name: random_text\n            }\n        ],\n        status: status.Pending\n    }\n}).then((response) => {\n    const new_pet_id = response.body.id;\n    Cypress.env('newPetID', new_pet_id);\n    expect(response.status).to.equal(200);\n    expect(response.body.status).to.eq(status.Pending);\n    expect(response.body.id).to.eq(pet_id);\n    expect(response.body.name).to.eq(pet_name);\n});",
              "err": {},
              "uuid": "68fad6ae-8d33-4d2f-8763-d0878c96785a",
              "parentUUID": "93586d06-e2db-4b28-9a20-0abb876449eb",
              "isHook": false,
              "skipped": false
            },
            {
              "title": "Should not update the pet info with invalid petID",
              "fullTitle": "Pet API tests Should not update the pet info with invalid petID",
              "timedOut": null,
              "duration": 142,
              "state": "passed",
              "speed": "fast",
              "pass": true,
              "fail": false,
              "pending": false,
              "context": null,
              "code": "cy.api({\n    method: 'PUT',\n    url: `${Cypress.env(\"baseApiUrl\")}/pet`,\n    failOnStatusCode: false,\n    body: {\n        id: random_text,\n        category: {\n            id: category_id,\n            name: category_name\n        },\n        name: pet_name,\n        photoUrls: [\n            random_text\n        ],\n        tags: [\n            {\n                id: random_no,\n                name: random_text\n            }\n        ],\n        status: status.Pending\n    }\n}).then((response) => {\n    expect(response.status).to.equal(500);\n    expect(response.body.message).to.eq(\"something bad happened\");\n});",
              "err": {},
              "uuid": "3ddd56a8-bc91-44fc-abab-b6e88f4f4c23",
              "parentUUID": "93586d06-e2db-4b28-9a20-0abb876449eb",
              "isHook": false,
              "skipped": false
            },
            {
              "title": "Should not return pet info with invalid ID",
              "fullTitle": "Pet API tests Should not return pet info with invalid ID",
              "timedOut": null,
              "duration": 141,
              "state": "passed",
              "speed": "fast",
              "pass": true,
              "fail": false,
              "pending": false,
              "context": null,
              "code": "cy.api({ method: \"GET\",\n    url: `${Cypress.env(\"baseApiUrl\")}/pet/${random_no}`,\n    failOnStatusCode: false }).then((response) => {\n    expect(response.status).to.equal(404);\n    expect(response.body.message).to.eq(\"Pet not found\");\n});",
              "err": {},
              "uuid": "0a136f7b-0b2a-4fba-8322-2ce0762e94e9",
              "parentUUID": "93586d06-e2db-4b28-9a20-0abb876449eb",
              "isHook": false,
              "skipped": false
            },
            {
              "title": "Should purchase the pet and check",
              "fullTitle": "Pet API tests Should purchase the pet and check",
              "timedOut": null,
              "duration": 273,
              "state": "passed",
              "speed": "fast",
              "pass": true,
              "fail": false,
              "pending": false,
              "context": null,
              "code": "//orders the pet\ncy.api({\n    method: \"POST\",\n    url: `${Cypress.env(\"baseApiUrl\")}/store/order`,\n    body: {\n        id: random_no,\n        petId: Cypress.env('newPetID'),\n        quantity: 1,\n        shipDate: \"2024-05-23T11:27:13.175Z\",\n        status: status.Placed,\n        complete: true\n    }\n}).then((response) => {\n    expect(response.status).to.eq(200);\n    expect(response.body.id).to.eq(random_no);\n    expect(response.body.petId).to.eq(pet_id);\n    const order_id = response.body.id;\n    Cypress.env('orderID', order_id);\n    // checks the pet\n    cy.api({\n        method: \"GET\",\n        url: `${Cypress.env(\"baseApiUrl\")}/store/order/${order_id}`\n    }).then((response) => {\n        expect(response.status).to.eq(200);\n        expect(response.body.status).to.eq(status.Placed);\n        expect(response.body.complete).to.eq(true);\n        expect(response.body.petId).to.eq(pet_id);\n    });\n});",
              "err": {},
              "uuid": "417536df-9c18-4605-bdd3-c312b02e46bc",
              "parentUUID": "93586d06-e2db-4b28-9a20-0abb876449eb",
              "isHook": false,
              "skipped": false
            },
            {
              "title": "Should delete the pet",
              "fullTitle": "Pet API tests Should delete the pet",
              "timedOut": null,
              "duration": 153,
              "state": "passed",
              "speed": "fast",
              "pass": true,
              "fail": false,
              "pending": false,
              "context": null,
              "code": "cy.api({\n    method: 'DELETE',\n    url: `${Cypress.env(\"baseApiUrl\")}/pet/${pet_id}`\n}).then((response) => {\n    expect(response.status).to.eq(200);\n    expect(response.body.message).to.eq(String(pet_id));\n});",
              "err": {},
              "uuid": "352201c4-c85a-4852-825a-63efe370e0c5",
              "parentUUID": "93586d06-e2db-4b28-9a20-0abb876449eb",
              "isHook": false,
              "skipped": false
            }
          ],
          "suites": [],
          "passes": [
            "14dc6184-1d67-4514-b694-4d1ef4ee5be4",
            "68fad6ae-8d33-4d2f-8763-d0878c96785a",
            "3ddd56a8-bc91-44fc-abab-b6e88f4f4c23",
            "0a136f7b-0b2a-4fba-8322-2ce0762e94e9",
            "417536df-9c18-4605-bdd3-c312b02e46bc",
            "352201c4-c85a-4852-825a-63efe370e0c5"
          ],
          "failures": [],
          "pending": [],
          "skipped": [],
          "duration": 1733,
          "root": false,
          "rootEmpty": false,
          "_timeout": 2000
        }
      ],
      "passes": [],
      "failures": [],
      "pending": [],
      "skipped": [],
      "duration": 0,
      "root": true,
      "rootEmpty": true,
      "_timeout": 2000
    },
    {
      "uuid": "5bc79aa1-35af-4060-bec9-7899deb35054",
      "title": "",
      "fullFile": "cypress/e2e/API/user-api-tests.cy.ts",
      "file": "cypress/e2e/API/user-api-tests.cy.ts",
      "beforeHooks": [],
      "afterHooks": [],
      "tests": [],
      "suites": [
        {
          "uuid": "fbd18ae0-2f25-4c61-9322-800b7a7eabe6",
          "title": "User API tests",
          "fullFile": "",
          "file": "",
          "beforeHooks": [],
          "afterHooks": [],
          "tests": [
            {
              "title": "Should create a user and check",
              "fullTitle": "User API tests Should create a user and check",
              "timedOut": null,
              "duration": 358,
              "state": "passed",
              "speed": "fast",
              "pass": true,
              "fail": false,
              "pending": false,
              "context": null,
              "code": "const phone_number = _faker_js_faker__WEBPACK_IMPORTED_MODULE_0__.faker.string.numeric(11);\n//creates user\ncy.api({\n    method: 'POST',\n    url: `${Cypress.env(\"baseApiUrl\")}/user`,\n    body: {\n        id: user_id,\n        username: user_name,\n        firstName: first_name,\n        lastName: last_name,\n        email: email,\n        password: password,\n        phone: phone_number,\n        userStatus: 0\n    }\n}).then((response) => {\n    expect(response.status).to.equal(200);\n    expect(response.body.message).to.equal(String(user_id)); // Verify the message contains the user ID\n}).then(() => {\n    //checks user\n    cy.api({\n        method: 'GET',\n        url: `${Cypress.env(\"baseApiUrl\")}/user/${user_name}`\n    }).then((response) => {\n        expect(response.body.username).to.eq(user_name);\n        expect(response.body.id).to.eq(user_id);\n        expect(response.body.email).to.eq(email);\n    });\n});",
              "err": {},
              "uuid": "df421909-0afe-4055-a3e2-3277cd14934e",
              "parentUUID": "fbd18ae0-2f25-4c61-9322-800b7a7eabe6",
              "isHook": false,
              "skipped": false
            },
            {
              "title": "Should update user and check",
              "fullTitle": "User API tests Should update user and check",
              "timedOut": null,
              "duration": 152,
              "state": "passed",
              "speed": "fast",
              "pass": true,
              "fail": false,
              "pending": false,
              "context": null,
              "code": "const phone_number = _faker_js_faker__WEBPACK_IMPORTED_MODULE_0__.faker.string.numeric(11);\n//updates user\ncy.api({\n    method: 'PUT',\n    url: `${Cypress.env(\"baseApiUrl\")}/user/${user_name}`,\n    body: {\n        id: user_id,\n        username: user_name,\n        firstName: first_name,\n        lastName: last_name,\n        email: email,\n        password: password,\n        phone: phone_number,\n        userStatus: 0\n    }\n}).then((response) => {\n    expect(response.status).to.equal(200);\n    expect(response.body.message).to.equal(String(user_id)); // Verify the message contains the user ID\n});",
              "err": {},
              "uuid": "1285bef0-f792-438d-871a-079994479573",
              "parentUUID": "fbd18ae0-2f25-4c61-9322-800b7a7eabe6",
              "isHook": false,
              "skipped": false
            },
            {
              "title": "Should delete the user",
              "fullTitle": "User API tests Should delete the user",
              "timedOut": null,
              "duration": 147,
              "state": "passed",
              "speed": "fast",
              "pass": true,
              "fail": false,
              "pending": false,
              "context": null,
              "code": "cy.api({\n    method: 'DELETE',\n    url: `${Cypress.env(\"baseApiUrl\")}/user/${user_name}`\n}).then((response) => {\n    expect(response.status).to.eq(200);\n    expect(response.body.message).to.eq(user_name);\n});",
              "err": {},
              "uuid": "a2c125b7-6d5d-4925-ad5b-5e2d9134a822",
              "parentUUID": "fbd18ae0-2f25-4c61-9322-800b7a7eabe6",
              "isHook": false,
              "skipped": false
            }
          ],
          "suites": [],
          "passes": [
            "df421909-0afe-4055-a3e2-3277cd14934e",
            "1285bef0-f792-438d-871a-079994479573",
            "a2c125b7-6d5d-4925-ad5b-5e2d9134a822"
          ],
          "failures": [],
          "pending": [],
          "skipped": [],
          "duration": 657,
          "root": false,
          "rootEmpty": false,
          "_timeout": 2000
        }
      ],
      "passes": [],
      "failures": [],
      "pending": [],
      "skipped": [],
      "duration": 0,
      "root": true,
      "rootEmpty": true,
      "_timeout": 2000
    },
    {
      "uuid": "0dadcfc5-7825-44cf-b3a7-28e75f20228c",
      "title": "",
      "fullFile": "cypress/e2e/ui-tests.cy.ts",
      "file": "cypress/e2e/ui-tests.cy.ts",
      "beforeHooks": [],
      "afterHooks": [],
      "tests": [],
      "suites": [
        {
          "uuid": "a887eb7c-90fd-4cc4-9c97-a453826eeb34",
          "title": "UI tests",
          "fullFile": "",
          "file": "",
          "beforeHooks": [],
          "afterHooks": [],
          "tests": [
            {
              "title": "Should wait load time ",
              "fullTitle": "UI tests Should wait load time ",
              "timedOut": null,
              "duration": 6580,
              "state": "passed",
              "speed": "medium",
              "pass": true,
              "fail": false,
              "pending": false,
              "context": null,
              "code": "cy.intercept(`${Cypress.env('baseUiUrl')}/loaddelay`).as('loader');\ncy.goTo('Load Delay');\ncy.wait('@loader');\ncy.contains('.btn-primary', 'Button Appearing After Delay').should('be.visible');",
              "err": {},
              "uuid": "4678569e-03a8-42cf-b240-2093705eb502",
              "parentUUID": "a887eb7c-90fd-4cc4-9c97-a453826eeb34",
              "isHook": false,
              "skipped": false
            }
          ],
          "suites": [],
          "passes": [
            "4678569e-03a8-42cf-b240-2093705eb502"
          ],
          "failures": [],
          "pending": [],
          "skipped": [],
          "duration": 6580,
          "root": false,
          "rootEmpty": false,
          "_timeout": 2000
        }
      ],
      "passes": [],
      "failures": [],
      "pending": [],
      "skipped": [],
      "duration": 0,
      "root": true,
      "rootEmpty": true,
      "_timeout": 2000
    }
  ],
  "meta": {
    "mocha": {
      "version": "7.0.1"
    },
    "mochawesome": {
      "options": {
        "quiet": false,
        "reportFilename": "mochawesome",
        "saveHtml": false,
        "saveJson": true,
        "consoleReporter": "spec",
        "useInlineDiffs": false,
        "code": true
      },
      "version": "7.1.3"
    },
    "marge": {
      "options": {
        "id": "default",
        "reportDir": "cypress/results/mochawesome",
        "overwrite": false,
        "html": false,
        "json": true
      },
      "version": "6.2.0"
    }
  }
}