{
  "stats": {
    "suites": 1,
    "tests": 4,
    "passes": 4,
    "pending": 1,
    "failures": -1,
    "start": "2024-05-23T15:08:40.159Z",
    "end": "2024-05-23T15:08:53.558Z",
    "duration": 13399,
    "testsRegistered": 5,
    "passPercent": 100,
    "pendingPercent": 20,
    "other": 1,
    "hasOther": true,
    "skipped": 0,
    "hasSkipped": false
  },
  "results": [
    {
      "uuid": "71939343-a15d-4d2e-8587-f1f392ad355f",
      "title": "",
      "fullFile": "cypress/e2e/ui-tests.cy.ts",
      "file": "cypress/e2e/ui-tests.cy.ts",
      "beforeHooks": [],
      "afterHooks": [],
      "tests": [],
      "suites": [
        {
          "uuid": "3606d9ea-66ee-4f39-98c7-53150e5f9bea",
          "title": "UI tests",
          "fullFile": "",
          "file": "",
          "beforeHooks": [],
          "afterHooks": [],
          "tests": [
            {
              "title": "Should click each item and match with the redirected page title",
              "fullTitle": "UI tests Should click each item and match with the redirected page title",
              "timedOut": null,
              "duration": 0,
              "state": "pending",
              "speed": null,
              "pass": false,
              "fail": false,
              "pending": true,
              "context": "\"videos/ui-tests.cy.ts.mp4\"",
              "code": "cy.get('h3').each(($el, index) => {\n    cy.clickAndCheckPageTitle(index);\n});\ncy.log('All h3 elements have been clicked.');",
              "err": {},
              "uuid": "5448364a-5738-4cb9-b03e-3f639c8cf7eb",
              "parentUUID": "3606d9ea-66ee-4f39-98c7-53150e5f9bea",
              "isHook": false,
              "skipped": false
            },
            {
              "title": "Should login with valid credentials and logs out",
              "fullTitle": "UI tests Should login with valid credentials and logs out",
              "timedOut": null,
              "duration": 1835,
              "state": "passed",
              "speed": "fast",
              "pass": true,
              "fail": false,
              "pending": false,
              "context": "\"videos/ui-tests.cy.ts.mp4\"",
              "code": "cy.goTo('Sample App');\nconst name = _faker_js_faker__WEBPACK_IMPORTED_MODULE_0__.faker.word.noun(5);\ncy.get('[name=\"UserName\"]').type(name);\ncy.get('[name=\"Password\"]').type('pwd');\ncy.get('#login').click(); //login\ncy.get('#loginstatus').should('be.visible').and('contain', `Welcome, ${name}!`);\ncy.get('#login').click(); //logout\ncy.get('#loginstatus').should('be.visible').and('contain', 'User logged out.');",
              "err": {},
              "uuid": "b241455a-2a7a-405a-a020-44d948150ad2",
              "parentUUID": "3606d9ea-66ee-4f39-98c7-53150e5f9bea",
              "isHook": false,
              "skipped": false
            },
            {
              "title": "Should not login with invalid password",
              "fullTitle": "UI tests Should not login with invalid password",
              "timedOut": null,
              "duration": 1075,
              "state": "passed",
              "speed": "fast",
              "pass": true,
              "fail": false,
              "pending": false,
              "context": "\"videos/ui-tests.cy.ts.mp4\"",
              "code": "cy.goTo('Sample App');\nconst name = _faker_js_faker__WEBPACK_IMPORTED_MODULE_0__.faker.word.noun(5);\ncy.get('[name=\"UserName\"]').type(name);\ncy.get('[name=\"Password\"]').type('234');\ncy.get('#login').click(); //login\ncy.get('#loginstatus').should('be.visible').and('contain', 'Invalid username/password');",
              "err": {},
              "uuid": "cc2d471f-f798-4770-872c-9bb4d850739b",
              "parentUUID": "3606d9ea-66ee-4f39-98c7-53150e5f9bea",
              "isHook": false,
              "skipped": false
            },
            {
              "title": "Should wait load time ",
              "fullTitle": "UI tests Should wait load time ",
              "timedOut": null,
              "duration": 5696,
              "state": "passed",
              "speed": "medium",
              "pass": true,
              "fail": false,
              "pending": false,
              "context": "\"videos/ui-tests.cy.ts.mp4\"",
              "code": "cy.intercept(`${Cypress.env('baseUiUrl')}/loaddelay`).as('loader');\ncy.goTo('Load Delay');\ncy.wait('@loader');\ncy.contains('.btn-primary', 'Button Appearing After Delay').should('be.visible');",
              "err": {},
              "uuid": "e80befce-e105-424b-9d7e-e40908e9ec91",
              "parentUUID": "3606d9ea-66ee-4f39-98c7-53150e5f9bea",
              "isHook": false,
              "skipped": false
            },
            {
              "title": "Should scroll to the button",
              "fullTitle": "UI tests Should scroll to the button",
              "timedOut": null,
              "duration": 584,
              "state": "passed",
              "speed": "fast",
              "pass": true,
              "fail": false,
              "pending": false,
              "context": "\"videos/ui-tests.cy.ts.mp4\"",
              "code": "cy.visit(`${Cypress.env('baseUiUrl')}/scrollbars`);\ncy.get('#hidingButton').scrollIntoView().should('be.visible');",
              "err": {},
              "uuid": "8f71b72d-56cd-4366-9927-f7eaead5273d",
              "parentUUID": "3606d9ea-66ee-4f39-98c7-53150e5f9bea",
              "isHook": false,
              "skipped": false
            }
          ],
          "suites": [],
          "passes": [
            "b241455a-2a7a-405a-a020-44d948150ad2",
            "cc2d471f-f798-4770-872c-9bb4d850739b",
            "e80befce-e105-424b-9d7e-e40908e9ec91",
            "8f71b72d-56cd-4366-9927-f7eaead5273d"
          ],
          "failures": [],
          "pending": [
            "5448364a-5738-4cb9-b03e-3f639c8cf7eb"
          ],
          "skipped": [],
          "duration": 9190,
          "root": false,
          "rootEmpty": false,
          "_timeout": 2000
        }
      ],
      "passes": [],
      "failures": [],
      "pending": [],
      "skipped": [],
      "duration": 0,
      "root": true,
      "rootEmpty": true,
      "_timeout": 2000
    }
  ],
  "meta": {
    "mocha": {
      "version": "7.0.1"
    },
    "mochawesome": {
      "options": {
        "quiet": false,
        "reportFilename": "mochawesome",
        "saveHtml": false,
        "saveJson": true,
        "consoleReporter": "spec",
        "useInlineDiffs": false,
        "code": true
      },
      "version": "7.1.3"
    },
    "marge": {
      "options": {
        "id": "default",
        "reportDir": "cypress/results/mochawesome",
        "overwrite": false,
        "html": false,
        "json": true
      },
      "version": "6.2.0"
    }
  }
}