{
  "stats": {
    "suites": 1,
    "tests": 4,
    "passes": 4,
    "pending": 1,
    "failures": -1,
    "start": "2024-05-23T18:07:29.872Z",
    "end": "2024-05-23T18:07:43.218Z",
    "duration": 13346,
    "testsRegistered": 5,
    "passPercent": 100,
    "pendingPercent": 20,
    "other": 1,
    "hasOther": true,
    "skipped": 0,
    "hasSkipped": false
  },
  "results": [
    {
      "uuid": "9a78d359-f79d-4822-9636-02296a18ddd9",
      "title": "",
      "fullFile": "cypress/e2e/ui-tests.cy.ts",
      "file": "cypress/e2e/ui-tests.cy.ts",
      "beforeHooks": [],
      "afterHooks": [],
      "tests": [],
      "suites": [
        {
          "uuid": "420208a2-410f-4370-8254-ebd45ffa127c",
          "title": "UI tests",
          "fullFile": "",
          "file": "",
          "beforeHooks": [],
          "afterHooks": [],
          "tests": [
            {
              "title": "Should click each item and match with the redirected page title",
              "fullTitle": "UI tests Should click each item and match with the redirected page title",
              "timedOut": null,
              "duration": 0,
              "state": "pending",
              "speed": null,
              "pass": false,
              "fail": false,
              "pending": true,
              "context": null,
              "code": "cy.get('h3').each(($el, index) => {\n    cy.clickAndCheckPageTitle(index);\n});\ncy.log('All h3 elements have been clicked.');",
              "err": {},
              "uuid": "79dba95d-a558-4b18-8063-84f449fe92ac",
              "parentUUID": "420208a2-410f-4370-8254-ebd45ffa127c",
              "isHook": false,
              "skipped": false
            },
            {
              "title": "Should login with valid credentials and logs out",
              "fullTitle": "UI tests Should login with valid credentials and logs out",
              "timedOut": null,
              "duration": 1741,
              "state": "passed",
              "speed": "fast",
              "pass": true,
              "fail": false,
              "pending": false,
              "context": null,
              "code": "cy.goTo('Sample App');\nconst name = _faker_js_faker__WEBPACK_IMPORTED_MODULE_0__.faker.word.noun(5);\ncy.get('[name=\"UserName\"]').type(name);\ncy.get('[name=\"Password\"]').type('pwd');\ncy.get('#login').click(); //login\ncy.get('#loginstatus').should('be.visible').and('contain', `Welcome, ${name}!`);\ncy.get('#login').click(); //logout\ncy.get('#loginstatus').should('be.visible').and('contain', 'User logged out.');",
              "err": {},
              "uuid": "d32e3161-6539-4d33-8f5e-f4d34bb1abfa",
              "parentUUID": "420208a2-410f-4370-8254-ebd45ffa127c",
              "isHook": false,
              "skipped": false
            },
            {
              "title": "Should not login with invalid password",
              "fullTitle": "UI tests Should not login with invalid password",
              "timedOut": null,
              "duration": 1076,
              "state": "passed",
              "speed": "fast",
              "pass": true,
              "fail": false,
              "pending": false,
              "context": null,
              "code": "cy.goTo('Sample App');\nconst name = _faker_js_faker__WEBPACK_IMPORTED_MODULE_0__.faker.word.noun(5);\ncy.get('[name=\"UserName\"]').type(name);\ncy.get('[name=\"Password\"]').type('234');\ncy.get('#login').click(); //login\ncy.get('#loginstatus').should('be.visible').and('contain', 'Invalid username/password');",
              "err": {},
              "uuid": "1ba99899-3d61-46ef-a4b7-f960e45013b9",
              "parentUUID": "420208a2-410f-4370-8254-ebd45ffa127c",
              "isHook": false,
              "skipped": false
            },
            {
              "title": "Should wait load time ",
              "fullTitle": "UI tests Should wait load time ",
              "timedOut": null,
              "duration": 5711,
              "state": "passed",
              "speed": "medium",
              "pass": true,
              "fail": false,
              "pending": false,
              "context": null,
              "code": "cy.intercept(`${Cypress.env('baseUiUrl')}/loaddelay`).as('loader');\ncy.goTo('Load Delay');\ncy.wait('@loader');\ncy.contains('.btn-primary', 'Button Appearing After Delay').should('be.visible');",
              "err": {},
              "uuid": "857deeea-ee11-4a5a-84d2-0f56f8f7e373",
              "parentUUID": "420208a2-410f-4370-8254-ebd45ffa127c",
              "isHook": false,
              "skipped": false
            },
            {
              "title": "Should scroll to the button",
              "fullTitle": "UI tests Should scroll to the button",
              "timedOut": null,
              "duration": 578,
              "state": "passed",
              "speed": "fast",
              "pass": true,
              "fail": false,
              "pending": false,
              "context": null,
              "code": "cy.visit(`${Cypress.env('baseUiUrl')}/scrollbars`);\ncy.get('#hidingButton').scrollIntoView().should('be.visible');",
              "err": {},
              "uuid": "9e637cf4-3c09-419b-97eb-b3e4456f87ed",
              "parentUUID": "420208a2-410f-4370-8254-ebd45ffa127c",
              "isHook": false,
              "skipped": false
            }
          ],
          "suites": [],
          "passes": [
            "d32e3161-6539-4d33-8f5e-f4d34bb1abfa",
            "1ba99899-3d61-46ef-a4b7-f960e45013b9",
            "857deeea-ee11-4a5a-84d2-0f56f8f7e373",
            "9e637cf4-3c09-419b-97eb-b3e4456f87ed"
          ],
          "failures": [],
          "pending": [
            "79dba95d-a558-4b18-8063-84f449fe92ac"
          ],
          "skipped": [],
          "duration": 9106,
          "root": false,
          "rootEmpty": false,
          "_timeout": 2000
        }
      ],
      "passes": [],
      "failures": [],
      "pending": [],
      "skipped": [],
      "duration": 0,
      "root": true,
      "rootEmpty": true,
      "_timeout": 2000
    }
  ],
  "meta": {
    "mocha": {
      "version": "7.0.1"
    },
    "mochawesome": {
      "options": {
        "quiet": false,
        "reportFilename": "mochawesome",
        "saveHtml": false,
        "saveJson": true,
        "consoleReporter": "spec",
        "useInlineDiffs": false,
        "code": true
      },
      "version": "7.1.3"
    },
    "marge": {
      "options": {
        "id": "default",
        "reportDir": "cypress/results/mochawesome",
        "overwrite": false,
        "html": false,
        "json": true
      },
      "version": "6.2.0"
    }
  }
}