{
  "stats": {
    "suites": 1,
    "tests": 4,
    "passes": 4,
    "pending": 1,
    "failures": -1,
    "start": "2024-05-23T19:00:34.351Z",
    "end": "2024-05-23T19:00:49.374Z",
    "duration": 15023,
    "testsRegistered": 5,
    "passPercent": 100,
    "pendingPercent": 20,
    "other": 1,
    "hasOther": true,
    "skipped": 0,
    "hasSkipped": false
  },
  "results": [
    {
      "uuid": "6fa3409c-2dc5-4a18-9fd2-8d9f3d703c53",
      "title": "",
      "fullFile": "cypress/e2e/ui-tests.cy.ts",
      "file": "cypress/e2e/ui-tests.cy.ts",
      "beforeHooks": [],
      "afterHooks": [],
      "tests": [],
      "suites": [
        {
          "uuid": "3221f1bf-511b-428e-917f-9950d6b1dad9",
          "title": "UI tests",
          "fullFile": "",
          "file": "",
          "beforeHooks": [],
          "afterHooks": [],
          "tests": [
            {
              "title": "Should click each item and match with the redirected page title",
              "fullTitle": "UI tests Should click each item and match with the redirected page title",
              "timedOut": null,
              "duration": 0,
              "state": "pending",
              "speed": null,
              "pass": false,
              "fail": false,
              "pending": true,
              "context": null,
              "code": "cy.get('h3').each(($el, index) => {\n    cy.clickAndCheckPageTitle(index);\n});\ncy.log('All h3 elements have been clicked.');",
              "err": {},
              "uuid": "6514ace7-29e4-4778-8ecf-809a2a66fbb6",
              "parentUUID": "3221f1bf-511b-428e-917f-9950d6b1dad9",
              "isHook": false,
              "skipped": false
            },
            {
              "title": "Should login with valid credentials and logs out",
              "fullTitle": "UI tests Should login with valid credentials and logs out",
              "timedOut": null,
              "duration": 3294,
              "state": "passed",
              "speed": "fast",
              "pass": true,
              "fail": false,
              "pending": false,
              "context": null,
              "code": "cy.goTo('Sample App');\nconst name = _faker_js_faker__WEBPACK_IMPORTED_MODULE_0__.faker.word.noun(5);\ncy.get('[name=\"UserName\"]').type(name);\ncy.get('[name=\"Password\"]').type('pwd');\ncy.get('#login').click(); //login\ncy.get('#loginstatus').should('be.visible').and('contain', `Welcome, ${name}!`);\ncy.get('#login').click(); //logout\ncy.get('#loginstatus').should('be.visible').and('contain', 'User logged out.');",
              "err": {},
              "uuid": "2440b465-451e-4e75-9533-c48af4495126",
              "parentUUID": "3221f1bf-511b-428e-917f-9950d6b1dad9",
              "isHook": false,
              "skipped": false
            },
            {
              "title": "Should not login with invalid password",
              "fullTitle": "UI tests Should not login with invalid password",
              "timedOut": null,
              "duration": 1065,
              "state": "passed",
              "speed": "fast",
              "pass": true,
              "fail": false,
              "pending": false,
              "context": null,
              "code": "cy.goTo('Sample App');\nconst name = _faker_js_faker__WEBPACK_IMPORTED_MODULE_0__.faker.word.noun(5);\ncy.get('[name=\"UserName\"]').type(name);\ncy.get('[name=\"Password\"]').type('234');\ncy.get('#login').click(); //login\ncy.get('#loginstatus').should('be.visible').and('contain', 'Invalid username/password');",
              "err": {},
              "uuid": "dc199312-888d-4b2a-b902-82b0af8220cc",
              "parentUUID": "3221f1bf-511b-428e-917f-9950d6b1dad9",
              "isHook": false,
              "skipped": false
            },
            {
              "title": "Should wait load time ",
              "fullTitle": "UI tests Should wait load time ",
              "timedOut": null,
              "duration": 5708,
              "state": "passed",
              "speed": "medium",
              "pass": true,
              "fail": false,
              "pending": false,
              "context": null,
              "code": "cy.intercept(`${Cypress.env('baseUiUrl')}/loaddelay`).as('loader');\ncy.goTo('Load Delay');\ncy.wait('@loader');\ncy.contains('.btn-primary', 'Button Appearing After Delay').should('be.visible');",
              "err": {},
              "uuid": "fb84a9ef-87d2-47c6-a129-7d95be797058",
              "parentUUID": "3221f1bf-511b-428e-917f-9950d6b1dad9",
              "isHook": false,
              "skipped": false
            },
            {
              "title": "Should scroll to the button",
              "fullTitle": "UI tests Should scroll to the button",
              "timedOut": null,
              "duration": 762,
              "state": "passed",
              "speed": "fast",
              "pass": true,
              "fail": false,
              "pending": false,
              "context": null,
              "code": "cy.visit(`${Cypress.env('baseUiUrl')}/scrollbars`);\ncy.get('#hidingButton').scrollIntoView().should('be.visible');",
              "err": {},
              "uuid": "5c9c09fc-f7fb-4ec0-bc62-a56974d6fea8",
              "parentUUID": "3221f1bf-511b-428e-917f-9950d6b1dad9",
              "isHook": false,
              "skipped": false
            }
          ],
          "suites": [],
          "passes": [
            "2440b465-451e-4e75-9533-c48af4495126",
            "dc199312-888d-4b2a-b902-82b0af8220cc",
            "fb84a9ef-87d2-47c6-a129-7d95be797058",
            "5c9c09fc-f7fb-4ec0-bc62-a56974d6fea8"
          ],
          "failures": [],
          "pending": [
            "6514ace7-29e4-4778-8ecf-809a2a66fbb6"
          ],
          "skipped": [],
          "duration": 10829,
          "root": false,
          "rootEmpty": false,
          "_timeout": 2000
        }
      ],
      "passes": [],
      "failures": [],
      "pending": [],
      "skipped": [],
      "duration": 0,
      "root": true,
      "rootEmpty": true,
      "_timeout": 2000
    }
  ],
  "meta": {
    "mocha": {
      "version": "7.0.1"
    },
    "mochawesome": {
      "options": {
        "quiet": false,
        "reportFilename": "mochawesome",
        "saveHtml": false,
        "saveJson": true,
        "consoleReporter": "spec",
        "useInlineDiffs": false,
        "code": true
      },
      "version": "7.1.3"
    },
    "marge": {
      "options": {
        "id": "default",
        "reportDir": "cypress/results/mochawesome",
        "overwrite": false,
        "html": false,
        "json": true
      },
      "version": "6.2.0"
    }
  }
}