{
  "stats": {
    "suites": 1,
    "tests": 6,
    "passes": 6,
    "pending": 0,
    "failures": 0,
    "start": "2024-05-23T21:18:07.302Z",
    "end": "2024-05-23T21:18:09.167Z",
    "duration": 1865,
    "testsRegistered": 6,
    "passPercent": 100,
    "pendingPercent": 0,
    "other": 0,
    "hasOther": false,
    "skipped": 0,
    "hasSkipped": false
  },
  "results": [
    {
      "uuid": "864a8a26-a4e9-4100-a118-8580299c7bce",
      "title": "",
      "fullFile": "cypress/e2e/API/pet-api-tests.cy.ts",
      "file": "cypress/e2e/API/pet-api-tests.cy.ts",
      "beforeHooks": [],
      "afterHooks": [],
      "tests": [],
      "suites": [
        {
          "uuid": "6f951752-ede9-4fd3-8cb1-8522ab57334b",
          "title": "Pet&Order API tests",
          "fullFile": "",
          "file": "",
          "beforeHooks": [],
          "afterHooks": [],
          "tests": [
            {
              "title": "Should create a pet and check",
              "fullTitle": "Pet&Order API tests Should create a pet and check",
              "timedOut": null,
              "duration": 830,
              "state": "passed",
              "speed": "fast",
              "pass": true,
              "fail": false,
              "pending": false,
              "context": null,
              "code": "//creates a pet\ncy.api({\n    method: \"POST\",\n    url: `${Cypress.env(\"baseApiUrl\")}/pet`,\n    body: {\n        id: pet_id,\n        category: {\n            id: category_id,\n            name: category_name\n        },\n        name: pet_name,\n        photoUrls: [\n            random_text\n        ],\n        tags: [\n            {\n                id: random_no,\n                name: random_text\n            }\n        ],\n        status: status.Available\n    }\n}).then((response) => {\n    expect(response.status).to.eq(200);\n    expect(response.body.id).to.eq(pet_id);\n    //checks the pet detail\n    cy.api({\n        method: \"GET\",\n        url: `${Cypress.env(\"baseApiUrl\")}/pet/${pet_id}`\n    }).then((response) => {\n        expect(response.status).to.eq(200);\n        expect(response.body.category.id).to.eq(category_id);\n        expect(response.body.name).to.eq(pet_name);\n        expect(response.body.tags[0].id).to.eq(random_no);\n        expect(response.body.status).to.eq(status.Available);\n    });\n});",
              "err": {},
              "uuid": "d6d40130-dbbc-4948-be31-e878c41fdf9b",
              "parentUUID": "6f951752-ede9-4fd3-8cb1-8522ab57334b",
              "isHook": false,
              "skipped": false
            },
            {
              "title": "Should update the pet and check",
              "fullTitle": "Pet&Order API tests Should update the pet and check",
              "timedOut": null,
              "duration": 145,
              "state": "passed",
              "speed": "fast",
              "pass": true,
              "fail": false,
              "pending": false,
              "context": null,
              "code": "// updates the pet status\ncy.api({\n    method: 'PUT',\n    url: `${Cypress.env(\"baseApiUrl\")}/pet`,\n    body: {\n        id: pet_id,\n        category: {\n            id: category_id,\n            name: category_name\n        },\n        name: pet_name,\n        photoUrls: [\n            random_text\n        ],\n        tags: [\n            {\n                id: random_no,\n                name: random_text\n            }\n        ],\n        status: status.Pending\n    }\n}).then((response) => {\n    const new_pet_id = response.body.id;\n    Cypress.env('newPetID', new_pet_id);\n    expect(response.status).to.equal(200);\n    expect(response.body.status).to.eq(status.Pending);\n    expect(response.body.id).to.eq(pet_id);\n    expect(response.body.name).to.eq(pet_name);\n});",
              "err": {},
              "uuid": "9cb683af-3e26-4413-b4fe-32a1874a8531",
              "parentUUID": "6f951752-ede9-4fd3-8cb1-8522ab57334b",
              "isHook": false,
              "skipped": false
            },
            {
              "title": "Should not update the pet info with invalid petID",
              "fullTitle": "Pet&Order API tests Should not update the pet info with invalid petID",
              "timedOut": null,
              "duration": 151,
              "state": "passed",
              "speed": "fast",
              "pass": true,
              "fail": false,
              "pending": false,
              "context": null,
              "code": "//updates the pet_id\ncy.api({\n    method: 'PUT',\n    url: `${Cypress.env(\"baseApiUrl\")}/pet`,\n    failOnStatusCode: false,\n    body: {\n        id: random_text,\n        category: {\n            id: category_id,\n            name: category_name\n        },\n        name: pet_name,\n        photoUrls: [\n            random_text\n        ],\n        tags: [\n            {\n                id: random_no,\n                name: random_text\n            }\n        ],\n        status: status.Pending\n    }\n}).then((response) => {\n    expect(response.status).to.equal(500);\n    expect(response.body.message).to.eq(\"something bad happened\");\n});",
              "err": {},
              "uuid": "b59567c8-f448-459c-920a-a142671dfc6d",
              "parentUUID": "6f951752-ede9-4fd3-8cb1-8522ab57334b",
              "isHook": false,
              "skipped": false
            },
            {
              "title": "Should not return pet info with invalid ID",
              "fullTitle": "Pet&Order API tests Should not return pet info with invalid ID",
              "timedOut": null,
              "duration": 145,
              "state": "passed",
              "speed": "fast",
              "pass": true,
              "fail": false,
              "pending": false,
              "context": null,
              "code": "cy.api({\n    method: \"GET\",\n    url: `${Cypress.env(\"baseApiUrl\")}/pet/${random_no}`,\n    failOnStatusCode: false\n}).then((response) => {\n    expect(response.status).to.equal(404);\n    expect(response.body.message).to.eq(\"Pet not found\");\n});",
              "err": {},
              "uuid": "b86eb230-92cd-4596-91ef-e4e95f82bcbf",
              "parentUUID": "6f951752-ede9-4fd3-8cb1-8522ab57334b",
              "isHook": false,
              "skipped": false
            },
            {
              "title": "Should purchase the pet and check",
              "fullTitle": "Pet&Order API tests Should purchase the pet and check",
              "timedOut": null,
              "duration": 264,
              "state": "passed",
              "speed": "fast",
              "pass": true,
              "fail": false,
              "pending": false,
              "context": null,
              "code": "//orders a pet for purchasing\ncy.api({\n    method: \"POST\",\n    url: `${Cypress.env(\"baseApiUrl\")}/store/order`,\n    body: {\n        id: random_no,\n        petId: Cypress.env('newPetID'),\n        quantity: 1,\n        shipDate: \"2024-05-23\",\n        status: status.Placed,\n        complete: true\n    }\n}).then((response) => {\n    expect(response.status).to.eq(200);\n    expect(response.body.id).to.eq(random_no);\n    expect(response.body.petId).to.eq(pet_id);\n    const order_id = response.body.id;\n    // checks the ordered pet data\n    cy.api({\n        method: \"GET\",\n        url: `${Cypress.env(\"baseApiUrl\")}/store/order/${order_id}`\n    }).then((response) => {\n        expect(response.status).to.eq(200);\n        expect(response.body.status).to.eq(status.Placed);\n        expect(response.body.complete).to.eq(true);\n        expect(response.body.petId).to.eq(pet_id);\n    });\n});",
              "err": {},
              "uuid": "094eddab-db11-40e9-8de5-e98c8cb42a38",
              "parentUUID": "6f951752-ede9-4fd3-8cb1-8522ab57334b",
              "isHook": false,
              "skipped": false
            },
            {
              "title": "Should delete the pet",
              "fullTitle": "Pet&Order API tests Should delete the pet",
              "timedOut": null,
              "duration": 143,
              "state": "passed",
              "speed": "fast",
              "pass": true,
              "fail": false,
              "pending": false,
              "context": null,
              "code": "cy.api({\n    method: 'DELETE',\n    url: `${Cypress.env(\"baseApiUrl\")}/pet/${pet_id}`\n}).then((response) => {\n    expect(response.status).to.eq(200);\n    expect(response.body.message).to.eq(String(pet_id));\n});",
              "err": {},
              "uuid": "9c14bb0b-640d-4a00-94de-8b5d70b79c18",
              "parentUUID": "6f951752-ede9-4fd3-8cb1-8522ab57334b",
              "isHook": false,
              "skipped": false
            }
          ],
          "suites": [],
          "passes": [
            "d6d40130-dbbc-4948-be31-e878c41fdf9b",
            "9cb683af-3e26-4413-b4fe-32a1874a8531",
            "b59567c8-f448-459c-920a-a142671dfc6d",
            "b86eb230-92cd-4596-91ef-e4e95f82bcbf",
            "094eddab-db11-40e9-8de5-e98c8cb42a38",
            "9c14bb0b-640d-4a00-94de-8b5d70b79c18"
          ],
          "failures": [],
          "pending": [],
          "skipped": [],
          "duration": 1678,
          "root": false,
          "rootEmpty": false,
          "_timeout": 2000
        }
      ],
      "passes": [],
      "failures": [],
      "pending": [],
      "skipped": [],
      "duration": 0,
      "root": true,
      "rootEmpty": true,
      "_timeout": 2000
    }
  ],
  "meta": {
    "mocha": {
      "version": "7.0.1"
    },
    "mochawesome": {
      "options": {
        "quiet": false,
        "reportFilename": "mochawesome",
        "saveHtml": false,
        "saveJson": true,
        "consoleReporter": "spec",
        "useInlineDiffs": false,
        "code": true
      },
      "version": "7.1.3"
    },
    "marge": {
      "options": {
        "id": "default",
        "reportDir": "cypress/results/mochawesome",
        "overwrite": false,
        "html": false,
        "json": true
      },
      "version": "6.2.0"
    }
  }
}