{
  "stats": {
    "suites": 1,
    "tests": 5,
    "passes": 5,
    "pending": 0,
    "failures": 0,
    "start": "2024-05-23T21:18:19.208Z",
    "end": "2024-05-23T21:18:52.978Z",
    "duration": 33770,
    "testsRegistered": 5,
    "passPercent": 100,
    "pendingPercent": 0,
    "other": 0,
    "hasOther": false,
    "skipped": 0,
    "hasSkipped": false
  },
  "results": [
    {
      "uuid": "ba63a14d-a056-43f8-9cdd-0a883820ebeb",
      "title": "",
      "fullFile": "cypress/e2e/UI/ui-tests.cy.ts",
      "file": "cypress/e2e/UI/ui-tests.cy.ts",
      "beforeHooks": [],
      "afterHooks": [],
      "tests": [],
      "suites": [
        {
          "uuid": "0f2f6a94-2670-4fe8-90cc-dff470aa68b7",
          "title": "UI tests",
          "fullFile": "",
          "file": "",
          "beforeHooks": [],
          "afterHooks": [],
          "tests": [
            {
              "title": "Should click each item and match with the redirected page title",
              "fullTitle": "UI tests Should click each item and match with the redirected page title",
              "timedOut": null,
              "duration": 20751,
              "state": "passed",
              "speed": "slow",
              "pass": true,
              "fail": false,
              "pending": false,
              "context": null,
              "code": "cy.get('h3').each(($el, index) => {\n    cy.clickAndCheckPageTitle(index);\n});\ncy.log('All h3 elements have been clicked.');",
              "err": {},
              "uuid": "d4d531ec-edb1-4573-bcdb-e0f45e95c0a8",
              "parentUUID": "0f2f6a94-2670-4fe8-90cc-dff470aa68b7",
              "isHook": false,
              "skipped": false
            },
            {
              "title": "Should login with valid credentials and logs out",
              "fullTitle": "UI tests Should login with valid credentials and logs out",
              "timedOut": null,
              "duration": 1156,
              "state": "passed",
              "speed": "fast",
              "pass": true,
              "fail": false,
              "pending": false,
              "context": null,
              "code": "cy.login(name, 'pwd');\ncy.get('#loginstatus').should('be.visible').and('contain', `Welcome, ${name}!`);\ncy.get('#login').click(); //logout\ncy.get('#loginstatus').should('be.visible').and('contain', 'User logged out.');",
              "err": {},
              "uuid": "9cd9e95f-7bdc-43b4-8f94-0243204f05a1",
              "parentUUID": "0f2f6a94-2670-4fe8-90cc-dff470aa68b7",
              "isHook": false,
              "skipped": false
            },
            {
              "title": "Should not login with invalid password",
              "fullTitle": "UI tests Should not login with invalid password",
              "timedOut": null,
              "duration": 1082,
              "state": "passed",
              "speed": "fast",
              "pass": true,
              "fail": false,
              "pending": false,
              "context": null,
              "code": "cy.login(name, '234');\ncy.get('#loginstatus').should('be.visible').and('contain', 'Invalid username/password');",
              "err": {},
              "uuid": "562c929b-8d18-482e-a5e9-0d16585640a7",
              "parentUUID": "0f2f6a94-2670-4fe8-90cc-dff470aa68b7",
              "isHook": false,
              "skipped": false
            },
            {
              "title": "Should wait load time ",
              "fullTitle": "UI tests Should wait load time ",
              "timedOut": null,
              "duration": 5673,
              "state": "passed",
              "speed": "medium",
              "pass": true,
              "fail": false,
              "pending": false,
              "context": null,
              "code": "cy.intercept(`${Cypress.env('baseUiUrl')}/loaddelay`).as('loader');\ncy.goTo('Load Delay');\ncy.wait('@loader');\ncy.contains('.btn-primary', 'Button Appearing After Delay').should('be.visible');",
              "err": {},
              "uuid": "0b9a4d2a-eaa9-4071-8740-8106201ad948",
              "parentUUID": "0f2f6a94-2670-4fe8-90cc-dff470aa68b7",
              "isHook": false,
              "skipped": false
            },
            {
              "title": "Should scroll to the button",
              "fullTitle": "UI tests Should scroll to the button",
              "timedOut": null,
              "duration": 619,
              "state": "passed",
              "speed": "fast",
              "pass": true,
              "fail": false,
              "pending": false,
              "context": null,
              "code": "cy.visit(`${Cypress.env('baseUiUrl')}/scrollbars`);\ncy.get('#hidingButton').scrollIntoView().should('be.visible');",
              "err": {},
              "uuid": "20588778-5a5c-42a4-9a56-360c5e805150",
              "parentUUID": "0f2f6a94-2670-4fe8-90cc-dff470aa68b7",
              "isHook": false,
              "skipped": false
            }
          ],
          "suites": [],
          "passes": [
            "d4d531ec-edb1-4573-bcdb-e0f45e95c0a8",
            "9cd9e95f-7bdc-43b4-8f94-0243204f05a1",
            "562c929b-8d18-482e-a5e9-0d16585640a7",
            "0b9a4d2a-eaa9-4071-8740-8106201ad948",
            "20588778-5a5c-42a4-9a56-360c5e805150"
          ],
          "failures": [],
          "pending": [],
          "skipped": [],
          "duration": 29281,
          "root": false,
          "rootEmpty": false,
          "_timeout": 2000
        }
      ],
      "passes": [],
      "failures": [],
      "pending": [],
      "skipped": [],
      "duration": 0,
      "root": true,
      "rootEmpty": true,
      "_timeout": 2000
    }
  ],
  "meta": {
    "mocha": {
      "version": "7.0.1"
    },
    "mochawesome": {
      "options": {
        "quiet": false,
        "reportFilename": "mochawesome",
        "saveHtml": false,
        "saveJson": true,
        "consoleReporter": "spec",
        "useInlineDiffs": false,
        "code": true
      },
      "version": "7.1.3"
    },
    "marge": {
      "options": {
        "id": "default",
        "reportDir": "cypress/results/mochawesome",
        "overwrite": false,
        "html": false,
        "json": true
      },
      "version": "6.2.0"
    }
  }
}