{
  "stats": {
    "suites": 1,
    "tests": 3,
    "passes": 3,
    "pending": 0,
    "failures": 0,
    "start": "2024-05-23T21:18:13.741Z",
    "end": "2024-05-23T21:18:14.489Z",
    "duration": 748,
    "testsRegistered": 3,
    "passPercent": 100,
    "pendingPercent": 0,
    "other": 0,
    "hasOther": false,
    "skipped": 0,
    "hasSkipped": false
  },
  "results": [
    {
      "uuid": "9ea67046-247b-4620-a15f-236a9979a25c",
      "title": "",
      "fullFile": "cypress/e2e/API/user-api-tests.cy.ts",
      "file": "cypress/e2e/API/user-api-tests.cy.ts",
      "beforeHooks": [],
      "afterHooks": [],
      "tests": [],
      "suites": [
        {
          "uuid": "1996b5ed-43ed-46c7-a44b-697a6bea7996",
          "title": "User API tests",
          "fullFile": "",
          "file": "",
          "beforeHooks": [],
          "afterHooks": [],
          "tests": [
            {
              "title": "Should create a user and check",
              "fullTitle": "User API tests Should create a user and check",
              "timedOut": null,
              "duration": 310,
              "state": "passed",
              "speed": "fast",
              "pass": true,
              "fail": false,
              "pending": false,
              "context": null,
              "code": "const phone_number = _faker_js_faker__WEBPACK_IMPORTED_MODULE_0__.faker.string.numeric(11);\n//creates a user\ncy.api({\n    method: 'POST',\n    url: `${Cypress.env(\"baseApiUrl\")}/user`,\n    body: {\n        id: user_id,\n        username: user_name,\n        firstName: first_name,\n        lastName: last_name,\n        email: email,\n        password: password,\n        phone: phone_number,\n        userStatus: 0\n    }\n}).then((response) => {\n    expect(response.status).to.equal(200);\n    expect(response.body.message).to.equal(String(user_id)); // Verify the message contains the user ID\n}).then(() => {\n    //checks user details\n    cy.api({\n        method: 'GET',\n        url: `${Cypress.env(\"baseApiUrl\")}/user/${user_name}`\n    }).then((response) => {\n        expect(response.body.username).to.eq(user_name);\n        expect(response.body.id).to.eq(user_id);\n        expect(response.body.email).to.eq(email);\n    });\n});",
              "err": {},
              "uuid": "1d3d7c11-d864-4d26-83c1-1f46474b68dd",
              "parentUUID": "1996b5ed-43ed-46c7-a44b-697a6bea7996",
              "isHook": false,
              "skipped": false
            },
            {
              "title": "Should update user and check",
              "fullTitle": "User API tests Should update user and check",
              "timedOut": null,
              "duration": 142,
              "state": "passed",
              "speed": "fast",
              "pass": true,
              "fail": false,
              "pending": false,
              "context": null,
              "code": "const phone_number = _faker_js_faker__WEBPACK_IMPORTED_MODULE_0__.faker.string.numeric(11);\n//updates user phone_number\ncy.api({\n    method: 'PUT',\n    url: `${Cypress.env(\"baseApiUrl\")}/user/${user_name}`,\n    body: {\n        id: user_id,\n        username: user_name,\n        firstName: first_name,\n        lastName: last_name,\n        email: email,\n        password: password,\n        phone: phone_number,\n        userStatus: 0\n    }\n}).then((response) => {\n    expect(response.status).to.equal(200);\n    expect(response.body.message).to.equal(String(user_id)); // Verify the message contains the user ID\n});",
              "err": {},
              "uuid": "00f94152-c11f-4ab6-8c41-0cb6e5f952c1",
              "parentUUID": "1996b5ed-43ed-46c7-a44b-697a6bea7996",
              "isHook": false,
              "skipped": false
            },
            {
              "title": "Should delete the user",
              "fullTitle": "User API tests Should delete the user",
              "timedOut": null,
              "duration": 185,
              "state": "passed",
              "speed": "fast",
              "pass": true,
              "fail": false,
              "pending": false,
              "context": null,
              "code": "cy.api({\n    method: 'DELETE',\n    url: `${Cypress.env(\"baseApiUrl\")}/user/${user_name}`\n}).then((response) => {\n    expect(response.status).to.eq(200);\n    expect(response.body.message).to.eq(user_name);\n});",
              "err": {},
              "uuid": "8d9f43a6-cf3a-4a94-8cf3-0740d9dc18f3",
              "parentUUID": "1996b5ed-43ed-46c7-a44b-697a6bea7996",
              "isHook": false,
              "skipped": false
            }
          ],
          "suites": [],
          "passes": [
            "1d3d7c11-d864-4d26-83c1-1f46474b68dd",
            "00f94152-c11f-4ab6-8c41-0cb6e5f952c1",
            "8d9f43a6-cf3a-4a94-8cf3-0740d9dc18f3"
          ],
          "failures": [],
          "pending": [],
          "skipped": [],
          "duration": 637,
          "root": false,
          "rootEmpty": false,
          "_timeout": 2000
        }
      ],
      "passes": [],
      "failures": [],
      "pending": [],
      "skipped": [],
      "duration": 0,
      "root": true,
      "rootEmpty": true,
      "_timeout": 2000
    }
  ],
  "meta": {
    "mocha": {
      "version": "7.0.1"
    },
    "mochawesome": {
      "options": {
        "quiet": false,
        "reportFilename": "mochawesome",
        "saveHtml": false,
        "saveJson": true,
        "consoleReporter": "spec",
        "useInlineDiffs": false,
        "code": true
      },
      "version": "7.1.3"
    },
    "marge": {
      "options": {
        "id": "default",
        "reportDir": "cypress/results/mochawesome",
        "overwrite": false,
        "html": false,
        "json": true
      },
      "version": "6.2.0"
    }
  }
}