<?xml version="1.0" encoding="UTF-8"?>
<testsuites name="Mocha Tests" time="0.787" tests="3" failures="0">
  <testsuite name="Root Suite" timestamp="2024-05-23T12:48:22" tests="0" file="cypress/e2e/API/user-api-tests.cy.ts" time="0.000" failures="0">
  </testsuite>
  <testsuite name="User API tests" timestamp="2024-05-23T12:48:22" tests="3" time="0.737" failures="0">
    <testcase name="User API tests Should create a user and check" time="0.358" classname="Should create a user and check">
    </testcase>
    <testcase name="User API tests Should update user and check" time="0.152" classname="Should update user and check">
    </testcase>
    <testcase name="User API tests Should delete the user" time="0.147" classname="Should delete the user">
    </testcase>
  </testsuite>
</testsuites>